
Showing logs for build [32mcb-kubecd-environment-pr-238-1-rjd5j-1[0m stage [32mfrom-build-pack[0m and container [32mstep-credential-initializer-4hgbc[0m
{"level":"info","ts":1592567383.093116,"logger":"fallback-logger","caller":"logging/config.go:69","msg":"Fetch GitHub commit ID from kodata failed: open /var/run/ko/refs/heads/0.8.0-ns-support: no such file or directory"}
{"level":"info","ts":1592567383.093542,"logger":"fallback-logger","caller":"creds-init/main.go:40","msg":"Credentials initialized."}

Showing logs for build [32mcb-kubecd-environment-pr-238-1-rjd5j-1[0m stage [32mfrom-build-pack[0m and container [32mstep-working-dir-initializer-56rjn[0m
{"level":"info","ts":1592567383.9418654,"logger":"fallback-logger","caller":"logging/config.go:69","msg":"Fetch GitHub commit ID from kodata failed: open /var/run/ko/HEAD: no such file or directory"}
{"level":"info","ts":1592567383.9436011,"logger":"fallback-logger","caller":"bash/main.go:64","msg":"Successfully executed command \"sh -c mkdir -p /workspace/source\"; output "}

Showing logs for build [32mcb-kubecd-environment-pr-238-1-rjd5j-1[0m stage [32mfrom-build-pack[0m and container [32mstep-place-tools[0m

Showing logs for build [32mcb-kubecd-environment-pr-238-1-rjd5j-1[0m stage [32mfrom-build-pack[0m and container [32mstep-git-source-cb-kubecd-environment-pr-238-1-rjd5j-mp5dc[0m
{"level":"info","ts":1592567387.9993823,"logger":"fallback-logger","caller":"logging/config.go:69","msg":"Fetch GitHub commit ID from kodata failed: open /var/run/ko/refs/heads/0.8.0-ns-support: no such file or directory"}
{"level":"info","ts":1592567389.0314631,"logger":"fallback-logger","caller":"git/git.go:103","msg":"Successfully cloned https://github.com/cb-kubecd/environment-pr-238-1-boot-gke-production.git @ master in path /workspace/source"}

Showing logs for build [32mcb-kubecd-environment-pr-238-1-rjd5j-1[0m stage [32mfrom-build-pack[0m and container [32mstep-git-merge[0m
Using SHAs from PULL_REFS=master:693b7c895f816c31de8b7491e4dc75b5b20ba33b,1:ae2ab47a25c28aae8a703ede184fe67d0549525b
DEBUG: LC_ALL=C JX_LOG_LEVEL=error git fetch origin --unshallow ae2ab47a25c28aae8a703ede184fe67d0549525b: 693b7c895f816c31de8b7491e4dc75b5b20ba33b:
DEBUG: ran git fetch --unshallow origin ae2ab47a25c28aae8a703ede184fe67d0549525b: 693b7c895f816c31de8b7491e4dc75b5b20ba33b: in 
DEBUG: JX_LOG_LEVEL=error LC_ALL=C git branch
DEBUG: LC_ALL=C JX_LOG_LEVEL=error git checkout master
DEBUG: ran git checkout master in 
DEBUG: JX_LOG_LEVEL=error LC_ALL=C git reset --hard 693b7c895f816c31de8b7491e4dc75b5b20ba33b
DEBUG: ran git reset --hard 693b7c895f816c31de8b7491e4dc75b5b20ba33b in 
DEBUG: LC_ALL=C JX_LOG_LEVEL=error git clean -fd .
DEBUG: ran clean --force -d . in 
DEBUG: LC_ALL=C JX_LOG_LEVEL=error git merge ae2ab47a25c28aae8a703ede184fe67d0549525b
DEBUG: ran git merge ae2ab47a25c28aae8a703ede184fe67d0549525b in 
DEBUG: JX_LOG_LEVEL=error LC_ALL=C git log --format=%H%x1f%an%x1f%ae%x1f%cn%x1f%ce%x1f%s%n%b%x1e 693b7c895f816c31de8b7491e4dc75b5b20ba33b..HEAD
Merged SHA ae2ab47a25c28aae8a703ede184fe67d0549525b with commit message 'chore: Promote bdd-spring-1592566433 to version 0.0.1' into base branch master

Showing logs for build [32mcb-kubecd-environment-pr-238-1-rjd5j-1[0m stage [32mfrom-build-pack[0m and container [32mstep-build-helm-build[0m
WARNING: No $CHART_REPOSITORY defined so using the default value of: http://jenkins-x-chartmuseum:8080
Adding missing Helm repo: storage.googleapis.com https://storage.googleapis.com/chartmuseum.jenkins-x.io
WARNING: No secrets found on "helm/repos" due: reading the secret "helm/repos" from vault: no secret "helm/repos" not found in vault
Read credentials for https://storage.googleapis.com/chartmuseum.jenkins-x.io from vault helm/repos
Successfully added Helm repository storage.googleapis.com.
Adding missing Helm repo: jenkins-x-chartmuseum http://jenkins-x-chartmuseum:8080
WARNING: No secrets found on "helm/repos" due: reading the secret "helm/repos" from vault: no secret "helm/repos" not found in vault
Read credentials for http://jenkins-x-chartmuseum:8080 from vault helm/repos
Successfully added Helm repository jenkins-x-chartmuseum.
WARNING: No $CHART_REPOSITORY defined so using the default value of: http://jenkins-x-chartmuseum:8080
Adding missing Helm repo: chartmuseum.jenkins-x.io http://chartmuseum.jenkins-x.io
WARNING: No secrets found on "helm/repos" due: reading the secret "helm/repos" from vault: no secret "helm/repos" not found in vault
Read credentials for http://chartmuseum.jenkins-x.io from vault helm/repos
Successfully added Helm repository chartmuseum.jenkins-x.io.
